Using pre-set license
Built from '2020.3/staging' branch; Version is '2020.3.9f1 (108be757e447) revision 1084391'; Using compiler version '192528614'; Build Type 'Release'
OS: 'Windows 10 Enterprise; OS build 19041.1110; Version 2004; 64bit' Language: 'ru' Physical Memory: 16317 MB
BatchMode: 1, IsHumanControllingUs: 0, StartBugReporterOnCrash: 0, Is64bit: 1, IsPro: 0

 COMMAND LINE ARGUMENTS:
D:\programs\Editor\Unity.exe
-adb2
-batchMode
-noUpm
-name
AssetImportWorker2
-projectPath
D:/unity/RollADice
-logFile
Logs/AssetImportWorker2.log
-srvPort
55904
Successfully changed project path to: D:/unity/RollADice
D:/unity/RollADice
Using Asset Import Pipeline V2.
Refreshing native plugins compatible for Editor in 25.29 ms, found 0 plugins.
Preloading 0 native plugins for Editor in 0.00 ms.
Initialize engine version: 2020.3.9f1 (108be757e447)
[Subsystems] Discovering subsystems at path D:/programs/Editor/Data/Resources/UnitySubsystems
[Subsystems] Discovering subsystems at path D:/unity/RollADice/Assets
GfxDevice: creating device client; threaded=0
Direct3D:
    Version:  Direct3D 11.0 [level 11.1]
    Renderer: NVIDIA GeForce GTX 1660 SUPER (ID=0x21c4)
    Vendor:   
    VRAM:     5992 MB
    Driver:   30.0.15.1295
Initialize mono
Mono path[0] = 'D:/programs/Editor/Data/Managed'
Mono path[1] = 'D:/programs/Editor/Data/MonoBleedingEdge/lib/mono/unityjit'
Mono config path = 'D:/programs/Editor/Data/MonoBleedingEdge/etc'
Using monoOptions --debugger-agent=transport=dt_socket,embedding=1,server=y,suspend=n,address=127.0.0.1:56476
Begin MonoManager ReloadAssembly
Registering precompiled unity dll's ...
Register platform support module: D:/programs/Editor/Data/PlaybackEngines/WindowsStandaloneSupport/UnityEditor.WindowsStandalone.Extensions.dll
Registered in 0.001168 seconds.
Native extension for WindowsStandalone target not found
Refreshing native plugins compatible for Editor in 27.53 ms, found 0 plugins.
Preloading 0 native plugins for Editor in 0.00 ms.
Mono: successfully reloaded assembly
- Completed reload, in  1.004 seconds
Platform modules already initialized, skipping
Registering precompiled user dll's ...
Registered in 0.000504 seconds.
Begin MonoManager ReloadAssembly
Native extension for WindowsStandalone target not found
Refreshing native plugins compatible for Editor in 0.22 ms, found 0 plugins.
Preloading 0 native plugins for Editor in 0.00 ms.
Mono: successfully reloaded assembly
- Completed reload, in  0.874 seconds
Platform modules already initialized, skipping
========================================================================
Worker process is ready to serve import requests
Launched and connected shader compiler UnityShaderCompiler.exe after 0.05 seconds
Refreshing native plugins compatible for Editor in 0.20 ms, found 0 plugins.
Preloading 0 native plugins for Editor in 0.00 ms.
Unloading 1120 Unused Serialized files (Serialized files now loaded: 0)
System memory in use before: 57.4 MB.
System memory in use after: 57.4 MB.

Unloading 9 unused Assets to reduce memory usage. Loaded Objects now: 1564.
Total: 1.823800 ms (FindLiveObjects: 0.181600 ms CreateObjectMapping: 0.040100 ms MarkObjects: 1.535200 ms  DeleteObjects: 0.065700 ms)

========================================================================
Received Import Request.
  path: Assets/Resources/Items/Sword.prefab
  artifactKey: Guid(e3ecdf65bb272774d8ba3b5f0001f137) Importer(815301076,1909f56bfc062723c751e8b465ee728b)
Start importing Assets/Resources/Items/Sword.prefab using Guid(e3ecdf65bb272774d8ba3b5f0001f137) Importer(815301076,1909f56bfc062723c751e8b465ee728b)  -> (artifact id: 'ca7d741afed275413d278478dcbdca89') in 0.107470 seconds
  Import took 0.109436 seconds .

========================================================================
Received Import Request.
  Time since last request: 5.121134 seconds.
  path: Assets/Resources/Items/Sword.prefab
  artifactKey: Guid(e3ecdf65bb272774d8ba3b5f0001f137) Importer(815301076,1909f56bfc062723c751e8b465ee728b)
Start importing Assets/Resources/Items/Sword.prefab using Guid(e3ecdf65bb272774d8ba3b5f0001f137) Importer(815301076,1909f56bfc062723c751e8b465ee728b)  -> (artifact id: '738e8f415980db2004dce28590f26933') in 0.010232 seconds
  Import took 0.012193 seconds .

========================================================================
Received Import Request.
  Time since last request: 5.524890 seconds.
  path: Assets/Resources/Items/Sword.prefab
  artifactKey: Guid(e3ecdf65bb272774d8ba3b5f0001f137) Importer(815301076,1909f56bfc062723c751e8b465ee728b)
Start importing Assets/Resources/Items/Sword.prefab using Guid(e3ecdf65bb272774d8ba3b5f0001f137) Importer(815301076,1909f56bfc062723c751e8b465ee728b)  -> (artifact id: 'fd8f2ded06128184691af6f298d051c0') in 0.012180 seconds
  Import took 0.014131 seconds .

========================================================================
Received Import Request.
  Time since last request: 8.390666 seconds.
  path: Assets/Resources/Items/Sword.prefab
  artifactKey: Guid(e3ecdf65bb272774d8ba3b5f0001f137) Importer(815301076,1909f56bfc062723c751e8b465ee728b)
Start importing Assets/Resources/Items/Sword.prefab using Guid(e3ecdf65bb272774d8ba3b5f0001f137) Importer(815301076,1909f56bfc062723c751e8b465ee728b)  -> (artifact id: '7a45935577bcdd27c6135af60c824707') in 0.009550 seconds
  Import took 0.011595 seconds .

========================================================================
Received Import Request.
  Time since last request: 7.676709 seconds.
  path: Assets/Resources/Items/Sword.prefab
  artifactKey: Guid(e3ecdf65bb272774d8ba3b5f0001f137) Importer(815301076,1909f56bfc062723c751e8b465ee728b)
Start importing Assets/Resources/Items/Sword.prefab using Guid(e3ecdf65bb272774d8ba3b5f0001f137) Importer(815301076,1909f56bfc062723c751e8b465ee728b)  -> (artifact id: 'd8894fc6561357154b8a4e645e142fb0') in 0.008804 seconds
  Import took 0.010956 seconds .

========================================================================
Received Import Request.
  Time since last request: 9.390269 seconds.
  path: Assets/Resources/Items/Sword.prefab
  artifactKey: Guid(e3ecdf65bb272774d8ba3b5f0001f137) Importer(815301076,1909f56bfc062723c751e8b465ee728b)
Start importing Assets/Resources/Items/Sword.prefab using Guid(e3ecdf65bb272774d8ba3b5f0001f137) Importer(815301076,1909f56bfc062723c751e8b465ee728b)  -> (artifact id: '412572df48951879d7bb403c9096a0a8') in 0.008584 seconds
  Import took 0.010509 seconds .

========================================================================
Received Prepare
Registering precompiled user dll's ...
Registered in 0.000573 seconds.
Begin MonoManager ReloadAssembly
Native extension for WindowsStandalone target not found
Refreshing native plugins compatible for Editor in 0.32 ms, found 0 plugins.
Preloading 0 native plugins for Editor in 0.00 ms.
Mono: successfully reloaded assembly
- Completed reload, in  0.835 seconds
Platform modules already initialized, skipping
Refreshing native plugins compatible for Editor in 0.20 ms, found 0 plugins.
Preloading 0 native plugins for Editor in 0.00 ms.
Unloading 1114 Unused Serialized files (Serialized files now loaded: 0)
System memory in use before: 60.3 MB.
System memory in use after: 60.4 MB.

Unloading 4 unused Assets to reduce memory usage. Loaded Objects now: 1574.
Total: 1.555300 ms (FindLiveObjects: 0.128400 ms CreateObjectMapping: 0.034800 ms MarkObjects: 1.379300 ms  DeleteObjects: 0.011600 ms)

========================================================================
Received Import Request.
  Time since last request: 115.197552 seconds.
  path: Assets/Resources/Items/Bow.prefab
  artifactKey: Guid(ac2a2cefd38b3524bb4b478876a3268c) Importer(815301076,1909f56bfc062723c751e8b465ee728b)
Start importing Assets/Resources/Items/Bow.prefab using Guid(ac2a2cefd38b3524bb4b478876a3268c) Importer(815301076,1909f56bfc062723c751e8b465ee728b)  -> (artifact id: 'c62faa0d1c64908b4a6509d000575d4a') in 0.059900 seconds
  Import took 0.061790 seconds .

========================================================================
Received Import Request.
  Time since last request: 0.000275 seconds.
  path: Assets/Resources/Items/Sword.prefab
  artifactKey: Guid(e3ecdf65bb272774d8ba3b5f0001f137) Importer(815301076,1909f56bfc062723c751e8b465ee728b)
Start importing Assets/Resources/Items/Sword.prefab using Guid(e3ecdf65bb272774d8ba3b5f0001f137) Importer(815301076,1909f56bfc062723c751e8b465ee728b)  -> (artifact id: '0de75943a3dd10b2eec9b3ffbcdbb402') in 0.008304 seconds
  Import took 0.010236 seconds .

========================================================================
Received Prepare
Registering precompiled user dll's ...
Registered in 0.000474 seconds.
Begin MonoManager ReloadAssembly
Native extension for WindowsStandalone target not found
Refreshing native plugins compatible for Editor in 0.21 ms, found 0 plugins.
Preloading 0 native plugins for Editor in 0.00 ms.
Mono: successfully reloaded assembly
- Completed reload, in  0.809 seconds
Platform modules already initialized, skipping
Refreshing native plugins compatible for Editor in 0.20 ms, found 0 plugins.
Preloading 0 native plugins for Editor in 0.00 ms.
Unloading 1114 Unused Serialized files (Serialized files now loaded: 0)
System memory in use before: 60.4 MB.
System memory in use after: 60.5 MB.

Unloading 4 unused Assets to reduce memory usage. Loaded Objects now: 1578.
Total: 1.548700 ms (FindLiveObjects: 0.130100 ms CreateObjectMapping: 0.032500 ms MarkObjects: 1.374000 ms  DeleteObjects: 0.011100 ms)

========================================================================
Received Import Request.
  Time since last request: 333.689806 seconds.
  path: Assets/Resources/Items/Bow.prefab
  artifactKey: Guid(ac2a2cefd38b3524bb4b478876a3268c) Importer(815301076,1909f56bfc062723c751e8b465ee728b)
Start importing Assets/Resources/Items/Bow.prefab using Guid(ac2a2cefd38b3524bb4b478876a3268c) Importer(815301076,1909f56bfc062723c751e8b465ee728b)  -> (artifact id: '972d4adc105b9d74d9bd205f7a6beba4') in 0.056643 seconds
  Import took 0.058676 seconds .

========================================================================
Received Prepare
Registering precompiled user dll's ...
Registered in 0.000516 seconds.
Begin MonoManager ReloadAssembly
Native extension for WindowsStandalone target not found
Refreshing native plugins compatible for Editor in 0.22 ms, found 0 plugins.
Preloading 0 native plugins for Editor in 0.00 ms.
Mono: successfully reloaded assembly
- Completed reload, in  0.802 seconds
Platform modules already initialized, skipping
Refreshing native plugins compatible for Editor in 0.20 ms, found 0 plugins.
Preloading 0 native plugins for Editor in 0.00 ms.
Unloading 1114 Unused Serialized files (Serialized files now loaded: 0)
System memory in use before: 60.4 MB.
System memory in use after: 60.5 MB.

Unloading 4 unused Assets to reduce memory usage. Loaded Objects now: 1582.
Total: 1.730200 ms (FindLiveObjects: 0.113500 ms CreateObjectMapping: 0.029300 ms MarkObjects: 1.572800 ms  DeleteObjects: 0.013300 ms)

========================================================================
Received Import Request.
  Time since last request: 20.804851 seconds.
  path: Assets/Resources/Items/Bow.prefab
  artifactKey: Guid(ac2a2cefd38b3524bb4b478876a3268c) Importer(815301076,1909f56bfc062723c751e8b465ee728b)
Start importing Assets/Resources/Items/Bow.prefab using Guid(ac2a2cefd38b3524bb4b478876a3268c) Importer(815301076,1909f56bfc062723c751e8b465ee728b)  -> (artifact id: 'd660b84aa8beffca160cf77103cad743') in 0.056957 seconds
  Import took 0.058818 seconds .

========================================================================
Received Import Request.
  Time since last request: 3.948499 seconds.
  path: Assets/Resources/Items/Sword.prefab
  artifactKey: Guid(e3ecdf65bb272774d8ba3b5f0001f137) Importer(815301076,1909f56bfc062723c751e8b465ee728b)
Start importing Assets/Resources/Items/Sword.prefab using Guid(e3ecdf65bb272774d8ba3b5f0001f137) Importer(815301076,1909f56bfc062723c751e8b465ee728b)  -> (artifact id: '7964f7c18757bedac9a4ea2038dc0d1a') in 0.009557 seconds
  Import took 0.011615 seconds .

========================================================================
Received Prepare
Registering precompiled user dll's ...
Registered in 0.000557 seconds.
Begin MonoManager ReloadAssembly
Native extension for WindowsStandalone target not found
Refreshing native plugins compatible for Editor in 0.21 ms, found 0 plugins.
Preloading 0 native plugins for Editor in 0.00 ms.
Mono: successfully reloaded assembly
- Completed reload, in  0.794 seconds
Platform modules already initialized, skipping
Refreshing native plugins compatible for Editor in 0.20 ms, found 0 plugins.
Preloading 0 native plugins for Editor in 0.00 ms.
Unloading 1114 Unused Serialized files (Serialized files now loaded: 0)
System memory in use before: 60.4 MB.
System memory in use after: 60.5 MB.

Unloading 4 unused Assets to reduce memory usage. Loaded Objects now: 1586.
Total: 1.636300 ms (FindLiveObjects: 0.131200 ms CreateObjectMapping: 0.030000 ms MarkObjects: 1.461100 ms  DeleteObjects: 0.013000 ms)

========================================================================
Received Prepare
Registering precompiled user dll's ...
Registered in 0.000513 seconds.
Begin MonoManager ReloadAssembly
Native extension for WindowsStandalone target not found
Refreshing native plugins compatible for Editor in 0.21 ms, found 0 plugins.
Preloading 0 native plugins for Editor in 0.00 ms.
Mono: successfully reloaded assembly
- Completed reload, in  0.793 seconds
Platform modules already initialized, skipping
Refreshing native plugins compatible for Editor in 0.21 ms, found 0 plugins.
Preloading 0 native plugins for Editor in 0.00 ms.
Unloading 1114 Unused Serialized files (Serialized files now loaded: 0)
System memory in use before: 60.4 MB.
System memory in use after: 60.5 MB.

Unloading 4 unused Assets to reduce memory usage. Loaded Objects now: 1589.
Total: 1.563800 ms (FindLiveObjects: 0.130600 ms CreateObjectMapping: 0.032900 ms MarkObjects: 1.388600 ms  DeleteObjects: 0.010700 ms)

========================================================================
Received Prepare
Registering precompiled user dll's ...
Registered in 0.000479 seconds.
Begin MonoManager ReloadAssembly
Native extension for WindowsStandalone target not found
Refreshing native plugins compatible for Editor in 0.26 ms, found 0 plugins.
Preloading 0 native plugins for Editor in 0.00 ms.
Mono: successfully reloaded assembly
- Completed reload, in  0.803 seconds
Platform modules already initialized, skipping
Refreshing native plugins compatible for Editor in 0.29 ms, found 0 plugins.
Preloading 0 native plugins for Editor in 0.00 ms.
Unloading 1114 Unused Serialized files (Serialized files now loaded: 0)
System memory in use before: 60.4 MB.
System memory in use after: 60.5 MB.

Unloading 4 unused Assets to reduce memory usage. Loaded Objects now: 1592.
Total: 1.569000 ms (FindLiveObjects: 0.123100 ms CreateObjectMapping: 0.028200 ms MarkObjects: 1.405300 ms  DeleteObjects: 0.011500 ms)

========================================================================
Received Import Request.
  Time since last request: 437.397696 seconds.
  path: Assets/Resources/Items/Bow.prefab
  artifactKey: Guid(ac2a2cefd38b3524bb4b478876a3268c) Importer(815301076,1909f56bfc062723c751e8b465ee728b)
Start importing Assets/Resources/Items/Bow.prefab using Guid(ac2a2cefd38b3524bb4b478876a3268c) Importer(815301076,1909f56bfc062723c751e8b465ee728b)  -> (artifact id: '9b4a438048f8df5240be76a1064769f2') in 0.057530 seconds
  Import took 0.059465 seconds .

========================================================================
Received Import Request.
  Time since last request: 0.000197 seconds.
  path: Assets/Resources/Items/Sword.prefab
  artifactKey: Guid(e3ecdf65bb272774d8ba3b5f0001f137) Importer(815301076,1909f56bfc062723c751e8b465ee728b)
Start importing Assets/Resources/Items/Sword.prefab using Guid(e3ecdf65bb272774d8ba3b5f0001f137) Importer(815301076,1909f56bfc062723c751e8b465ee728b)  -> (artifact id: '5142220a5142e7e3aaaaae01eddc5384') in 0.008903 seconds
  Import took 0.010859 seconds .

========================================================================
Received Import Request.
  Time since last request: 3.319182 seconds.
  path: Assets/Resources/Items/Bow.prefab
  artifactKey: Guid(ac2a2cefd38b3524bb4b478876a3268c) Importer(815301076,1909f56bfc062723c751e8b465ee728b)
Start importing Assets/Resources/Items/Bow.prefab using Guid(ac2a2cefd38b3524bb4b478876a3268c) Importer(815301076,1909f56bfc062723c751e8b465ee728b)  -> (artifact id: '9b4a438048f8df5240be76a1064769f2') in 0.009022 seconds
  Import took 0.010993 seconds .

========================================================================
Received Prepare
Registering precompiled user dll's ...
Registered in 0.000529 seconds.
Begin MonoManager ReloadAssembly
Native extension for WindowsStandalone target not found
Refreshing native plugins compatible for Editor in 0.21 ms, found 0 plugins.
Preloading 0 native plugins for Editor in 0.00 ms.
Mono: successfully reloaded assembly
- Completed reload, in  0.800 seconds
Platform modules already initialized, skipping
Refreshing native plugins compatible for Editor in 0.21 ms, found 0 plugins.
Preloading 0 native plugins for Editor in 0.00 ms.
Unloading 1114 Unused Serialized files (Serialized files now loaded: 0)
System memory in use before: 60.4 MB.
System memory in use after: 60.5 MB.

Unloading 4 unused Assets to reduce memory usage. Loaded Objects now: 1596.
Total: 1.716400 ms (FindLiveObjects: 0.178300 ms CreateObjectMapping: 0.035600 ms MarkObjects: 1.486900 ms  DeleteObjects: 0.014300 ms)

========================================================================
Received Prepare
Registering precompiled user dll's ...
Registered in 0.000542 seconds.
Begin MonoManager ReloadAssembly
Native extension for WindowsStandalone target not found
Refreshing native plugins compatible for Editor in 0.22 ms, found 0 plugins.
Preloading 0 native plugins for Editor in 0.00 ms.
Mono: successfully reloaded assembly
- Completed reload, in  0.855 seconds
Platform modules already initialized, skipping
Refreshing native plugins compatible for Editor in 0.30 ms, found 0 plugins.
Preloading 0 native plugins for Editor in 0.00 ms.
Unloading 1114 Unused Serialized files (Serialized files now loaded: 0)
System memory in use before: 60.5 MB.
System memory in use after: 60.6 MB.

Unloading 4 unused Assets to reduce memory usage. Loaded Objects now: 1599.
Total: 2.132100 ms (FindLiveObjects: 0.178500 ms CreateObjectMapping: 0.036100 ms MarkObjects: 1.898400 ms  DeleteObjects: 0.017800 ms)

========================================================================
Received Import Request.
  Time since last request: 222.992071 seconds.
  path: Assets/Resources/Items/Sword.prefab
  artifactKey: Guid(e3ecdf65bb272774d8ba3b5f0001f137) Importer(815301076,1909f56bfc062723c751e8b465ee728b)
Start importing Assets/Resources/Items/Sword.prefab using Guid(e3ecdf65bb272774d8ba3b5f0001f137) Importer(815301076,1909f56bfc062723c751e8b465ee728b)  -> (artifact id: '2c0d721d8c1190166b432cb9e005509c') in 0.061370 seconds
  Import took 0.063395 seconds .

========================================================================
Received Import Request.
  Time since last request: 14.188037 seconds.
  path: Assets/Resources/Items/Sword.prefab
  artifactKey: Guid(e3ecdf65bb272774d8ba3b5f0001f137) Importer(815301076,1909f56bfc062723c751e8b465ee728b)
Start importing Assets/Resources/Items/Sword.prefab using Guid(e3ecdf65bb272774d8ba3b5f0001f137) Importer(815301076,1909f56bfc062723c751e8b465ee728b)  -> (artifact id: 'a853279625d5a07d34c1f0de248297df') in 0.008748 seconds
  Import took 0.011156 seconds .

========================================================================
Received Import Request.
  Time since last request: 12.684555 seconds.
  path: Assets/Resources/Items/Sword.prefab
  artifactKey: Guid(e3ecdf65bb272774d8ba3b5f0001f137) Importer(815301076,1909f56bfc062723c751e8b465ee728b)
Start importing Assets/Resources/Items/Sword.prefab using Guid(e3ecdf65bb272774d8ba3b5f0001f137) Importer(815301076,1909f56bfc062723c751e8b465ee728b)  -> (artifact id: 'c7f0e371895aaa153aded678f37c3e99') in 0.008747 seconds
  Import took 0.010846 seconds .

========================================================================
Received Import Request.
  Time since last request: 1.802349 seconds.
  path: Assets/Resources/Items/Sword.prefab
  artifactKey: Guid(e3ecdf65bb272774d8ba3b5f0001f137) Importer(815301076,1909f56bfc062723c751e8b465ee728b)
Start importing Assets/Resources/Items/Sword.prefab using Guid(e3ecdf65bb272774d8ba3b5f0001f137) Importer(815301076,1909f56bfc062723c751e8b465ee728b)  -> (artifact id: 'ab1aee789d45140a7c6e5f37d9371dcb') in 0.010292 seconds
  Import took 0.012396 seconds .

========================================================================
Received Import Request.
  Time since last request: 1.202979 seconds.
  path: Assets/Resources/Items/Sword.prefab
  artifactKey: Guid(e3ecdf65bb272774d8ba3b5f0001f137) Importer(815301076,1909f56bfc062723c751e8b465ee728b)
Start importing Assets/Resources/Items/Sword.prefab using Guid(e3ecdf65bb272774d8ba3b5f0001f137) Importer(815301076,1909f56bfc062723c751e8b465ee728b)  -> (artifact id: 'c4912ac4ba1d71b6d993f70a36de50dd') in 0.007309 seconds
  Import took 0.009282 seconds .

========================================================================
Received Prepare
Registering precompiled user dll's ...
Registered in 0.000539 seconds.
Begin MonoManager ReloadAssembly
Native extension for WindowsStandalone target not found
Refreshing native plugins compatible for Editor in 0.22 ms, found 0 plugins.
Preloading 0 native plugins for Editor in 0.00 ms.
Mono: successfully reloaded assembly
- Completed reload, in  0.848 seconds
Platform modules already initialized, skipping
Refreshing native plugins compatible for Editor in 0.21 ms, found 0 plugins.
Preloading 0 native plugins for Editor in 0.00 ms.
Unloading 1114 Unused Serialized files (Serialized files now loaded: 0)
System memory in use before: 60.3 MB.
System memory in use after: 60.4 MB.

Unloading 4 unused Assets to reduce memory usage. Loaded Objects now: 1603.
Total: 1.551200 ms (FindLiveObjects: 0.130100 ms CreateObjectMapping: 0.027900 ms MarkObjects: 1.379700 ms  DeleteObjects: 0.012300 ms)

========================================================================
Received Import Request.
  Time since last request: 205.563624 seconds.
  path: Assets/Resources/Items/Sword.prefab
  artifactKey: Guid(e3ecdf65bb272774d8ba3b5f0001f137) Importer(815301076,1909f56bfc062723c751e8b465ee728b)
Start importing Assets/Resources/Items/Sword.prefab using Guid(e3ecdf65bb272774d8ba3b5f0001f137) Importer(815301076,1909f56bfc062723c751e8b465ee728b)  -> (artifact id: 'b10a6b806615b41b9f276fca3a68e7d0') in 0.055458 seconds
  Import took 0.057371 seconds .

========================================================================
Received Prepare
Registering precompiled user dll's ...
Registered in 0.000561 seconds.
Begin MonoManager ReloadAssembly
Native extension for WindowsStandalone target not found
Refreshing native plugins compatible for Editor in 0.20 ms, found 0 plugins.
Preloading 0 native plugins for Editor in 0.00 ms.
Mono: successfully reloaded assembly
- Completed reload, in  0.792 seconds
Platform modules already initialized, skipping
Refreshing native plugins compatible for Editor in 0.21 ms, found 0 plugins.
Preloading 0 native plugins for Editor in 0.00 ms.
Unloading 1114 Unused Serialized files (Serialized files now loaded: 0)
System memory in use before: 60.3 MB.
System memory in use after: 60.4 MB.

Unloading 4 unused Assets to reduce memory usage. Loaded Objects now: 1607.
Total: 1.523100 ms (FindLiveObjects: 0.114400 ms CreateObjectMapping: 0.027900 ms MarkObjects: 1.368700 ms  DeleteObjects: 0.011100 ms)

AssetImportWorkerClient::OnTransportError - code=2 error=End of file
