Using pre-set license
Built from '2020.3/staging' branch; Version is '2020.3.9f1 (108be757e447) revision 1084391'; Using compiler version '192528614'; Build Type 'Release'
OS: 'Windows 10 Enterprise; OS build 19042.1826; Version 2009; 64bit' Language: 'ru' Physical Memory: 16316 MB
BatchMode: 1, IsHumanControllingUs: 0, StartBugReporterOnCrash: 0, Is64bit: 1, IsPro: 0

 COMMAND LINE ARGUMENTS:
C:\Program Files\Unity\Hub\Editor\2020.3.9f1\Editor\Unity.exe
-adb2
-batchMode
-noUpm
-name
AssetImportWorker0
-projectPath
C:/Users/Maxim/Documents/GitHub/RollADice
-logFile
Logs/AssetImportWorker0.log
-srvPort
59466
Successfully changed project path to: C:/Users/Maxim/Documents/GitHub/RollADice
C:/Users/Maxim/Documents/GitHub/RollADice
Using Asset Import Pipeline V2.
Refreshing native plugins compatible for Editor in 19.99 ms, found 0 plugins.
Preloading 0 native plugins for Editor in 0.00 ms.
Initialize engine version: 2020.3.9f1 (108be757e447)
[Subsystems] Discovering subsystems at path C:/Program Files/Unity/Hub/Editor/2020.3.9f1/Editor/Data/Resources/UnitySubsystems
[Subsystems] Discovering subsystems at path C:/Users/Maxim/Documents/GitHub/RollADice/Assets
GfxDevice: creating device client; threaded=0
Direct3D:
    Version:  Direct3D 11.0 [level 11.1]
    Renderer: NVIDIA GeForce RTX 2060 SUPER (ID=0x1f06)
    Vendor:   
    VRAM:     8031 MB
    Driver:   27.21.14.6611
Initialize mono
Mono path[0] = 'C:/Program Files/Unity/Hub/Editor/2020.3.9f1/Editor/Data/Managed'
Mono path[1] = 'C:/Program Files/Unity/Hub/Editor/2020.3.9f1/Editor/Data/MonoBleedingEdge/lib/mono/unityjit'
Mono config path = 'C:/Program Files/Unity/Hub/Editor/2020.3.9f1/Editor/Data/MonoBleedingEdge/etc'
Using monoOptions --debugger-agent=transport=dt_socket,embedding=1,server=y,suspend=n,address=127.0.0.1:56452
Begin MonoManager ReloadAssembly
Registering precompiled unity dll's ...
Register platform support module: C:/Program Files/Unity/Hub/Editor/2020.3.9f1/Editor/Data/PlaybackEngines/WebGLSupport/UnityEditor.WebGL.Extensions.dll
Register platform support module: C:/Program Files/Unity/Hub/Editor/2020.3.9f1/Editor/Data/PlaybackEngines/WindowsStandaloneSupport/UnityEditor.WindowsStandalone.Extensions.dll
Registered in 0.001880 seconds.
Native extension for WindowsStandalone target not found
Native extension for WebGL target not found
Refreshing native plugins compatible for Editor in 20.13 ms, found 0 plugins.
Preloading 0 native plugins for Editor in 0.00 ms.
Mono: successfully reloaded assembly
- Completed reload, in  2.183 seconds
Platform modules already initialized, skipping
Registering precompiled user dll's ...
Registered in 0.000556 seconds.
Begin MonoManager ReloadAssembly
Native extension for WindowsStandalone target not found
Native extension for WebGL target not found
Refreshing native plugins compatible for Editor in 0.18 ms, found 0 plugins.
Preloading 0 native plugins for Editor in 0.00 ms.
Mono: successfully reloaded assembly
- Completed reload, in  0.657 seconds
Platform modules already initialized, skipping
========================================================================
Worker process is ready to serve import requests
Launched and connected shader compiler UnityShaderCompiler.exe after 0.04 seconds
Refreshing native plugins compatible for Editor in 0.19 ms, found 0 plugins.
Preloading 0 native plugins for Editor in 0.00 ms.
Unloading 1120 Unused Serialized files (Serialized files now loaded: 0)
System memory in use before: 57.3 MB.
System memory in use after: 57.4 MB.

Unloading 10 unused Assets to reduce memory usage. Loaded Objects now: 1563.
Total: 1.224100 ms (FindLiveObjects: 0.093700 ms CreateObjectMapping: 0.031100 ms MarkObjects: 1.040200 ms  DeleteObjects: 0.058400 ms)

========================================================================
Received Import Request.
  path: Assets/Images
  artifactKey: Guid(9b1373fa0ce44bd4cb11add586b786f5) Importer(815301076,1909f56bfc062723c751e8b465ee728b)
Start importing Assets/Images using Guid(9b1373fa0ce44bd4cb11add586b786f5) Importer(815301076,1909f56bfc062723c751e8b465ee728b)  -> (artifact id: 'fa6d3149f1e7ed7601adbfcf70889856') in 0.006254 seconds
  Import took 0.008004 seconds .

========================================================================
Received Import Request.
  Time since last request: 4.002735 seconds.
  path: Assets/Images/at-sea.png
  artifactKey: Guid(e09243f05317bb14cb418350a23ac121) Importer(815301076,1909f56bfc062723c751e8b465ee728b)
Start importing Assets/Images/at-sea.png using Guid(e09243f05317bb14cb418350a23ac121) Importer(815301076,1909f56bfc062723c751e8b465ee728b)  -> (artifact id: '1e470977821d9e7ffb2118ec26ba2afa') in 0.089719 seconds
  Import took 0.091152 seconds .

========================================================================
Received Import Request.
  Time since last request: 0.000144 seconds.
  path: Assets/Images/castle.png
  artifactKey: Guid(76a9fdc93a18b0948b75ed61d6b7eaac) Importer(815301076,1909f56bfc062723c751e8b465ee728b)
Start importing Assets/Images/castle.png using Guid(76a9fdc93a18b0948b75ed61d6b7eaac) Importer(815301076,1909f56bfc062723c751e8b465ee728b)  -> (artifact id: '51fd4022c630e94cccc22e5b4e7295cd') in 0.008094 seconds
  Import took 0.014696 seconds .

========================================================================
Received Import Request.
  Time since last request: 0.000126 seconds.
  path: Assets/Images/hills.png
  artifactKey: Guid(d671ea4634d1a874a820c2eac6396db3) Importer(815301076,1909f56bfc062723c751e8b465ee728b)
Start importing Assets/Images/hills.png using Guid(d671ea4634d1a874a820c2eac6396db3) Importer(815301076,1909f56bfc062723c751e8b465ee728b)  -> (artifact id: '34a015f56cd7fdcc76443cefc2365f97') in 0.007797 seconds
  Import took 0.009255 seconds .

========================================================================
Received Import Request.
  Time since last request: 0.000128 seconds.
  path: Assets/Images/death-skull.png
  artifactKey: Guid(6742e294a8693b142a3f9d9826508ea8) Importer(815301076,1909f56bfc062723c751e8b465ee728b)
Start importing Assets/Images/death-skull.png using Guid(6742e294a8693b142a3f9d9826508ea8) Importer(815301076,1909f56bfc062723c751e8b465ee728b)  -> (artifact id: 'ee82cc9125ae611be1e19f2ea719a294') in 0.007663 seconds
  Import took 0.009024 seconds .

========================================================================
Received Import Request.
  Time since last request: 0.000130 seconds.
  path: Assets/Images/forest.png
  artifactKey: Guid(bda0b313f65067747b9a8d8142997de6) Importer(815301076,1909f56bfc062723c751e8b465ee728b)
Start importing Assets/Images/forest.png using Guid(bda0b313f65067747b9a8d8142997de6) Importer(815301076,1909f56bfc062723c751e8b465ee728b)  -> (artifact id: '3134c4c3ef1e7c9a689f355f67098e86') in 0.008203 seconds
  Import took 0.009785 seconds .

========================================================================
Received Import Request.
  Time since last request: 0.000133 seconds.
  path: Assets/Images/village.png
  artifactKey: Guid(8c9da1bf686bf724396b6e5be8f7e95b) Importer(815301076,1909f56bfc062723c751e8b465ee728b)
Start importing Assets/Images/village.png using Guid(8c9da1bf686bf724396b6e5be8f7e95b) Importer(815301076,1909f56bfc062723c751e8b465ee728b)  -> (artifact id: '89229f350e97dba305a6734f5d947e14') in 0.007377 seconds
  Import took 0.009175 seconds .

========================================================================
Received Import Request.
  Time since last request: 0.000151 seconds.
  path: Assets/Images/caldera.png
  artifactKey: Guid(8f2864ccc03a74540ba1022d2e8422d2) Importer(815301076,1909f56bfc062723c751e8b465ee728b)
Start importing Assets/Images/caldera.png using Guid(8f2864ccc03a74540ba1022d2e8422d2) Importer(815301076,1909f56bfc062723c751e8b465ee728b)  -> (artifact id: 'ffdbbbc5d505b2f150787e69e1dd28f7') in 0.011444 seconds
  Import took 0.013216 seconds .

========================================================================
Received Import Request.
  Time since last request: 0.000129 seconds.
  path: Assets/Images/camping-tent (1).png
  artifactKey: Guid(7c73ccdb889eb0841beb5b7682fa7e14) Importer(815301076,1909f56bfc062723c751e8b465ee728b)
Start importing Assets/Images/camping-tent (1).png using Guid(7c73ccdb889eb0841beb5b7682fa7e14) Importer(815301076,1909f56bfc062723c751e8b465ee728b)  -> (artifact id: '654d88d6377381e83374fcca39da8683') in 0.008946 seconds
  Import took 0.010527 seconds .

========================================================================
Received Import Request.
  Time since last request: 0.000114 seconds.
  path: Assets/Images/camping-tent.png
  artifactKey: Guid(7d18dbe88bf71f243944d72d593236b7) Importer(815301076,1909f56bfc062723c751e8b465ee728b)
Start importing Assets/Images/camping-tent.png using Guid(7d18dbe88bf71f243944d72d593236b7) Importer(815301076,1909f56bfc062723c751e8b465ee728b)  -> (artifact id: 'e16e0d676db00ee946276b27b68a15b7') in 0.007370 seconds
  Import took 0.008662 seconds .

========================================================================
Received Import Request.
  Time since last request: 0.000126 seconds.
  path: Assets/Images/desert.png
  artifactKey: Guid(f78a90daf63e3ea4186d3153a3eaf2e3) Importer(815301076,1909f56bfc062723c751e8b465ee728b)
Start importing Assets/Images/desert.png using Guid(f78a90daf63e3ea4186d3153a3eaf2e3) Importer(815301076,1909f56bfc062723c751e8b465ee728b)  -> (artifact id: 'fc055f872f9ad480a0d605998125aa70') in 0.013501 seconds
  Import took 0.015195 seconds .

========================================================================
Received Import Request.
  Time since last request: 0.000124 seconds.
  path: Assets/Images/camping-tent.png
  artifactKey: Guid(7d18dbe88bf71f243944d72d593236b7) Importer(815301076,1909f56bfc062723c751e8b465ee728b)
Start importing Assets/Images/camping-tent.png using Guid(7d18dbe88bf71f243944d72d593236b7) Importer(815301076,1909f56bfc062723c751e8b465ee728b)  -> (artifact id: 'e16e0d676db00ee946276b27b68a15b7') in 0.014317 seconds
  Import took 0.015600 seconds .

========================================================================
Received Import Request.
  Time since last request: 0.000130 seconds.
  path: Assets/Images/snowflake-2.png
  artifactKey: Guid(543e382475f92f4488499da63d926751) Importer(815301076,1909f56bfc062723c751e8b465ee728b)
Start importing Assets/Images/snowflake-2.png using Guid(543e382475f92f4488499da63d926751) Importer(815301076,1909f56bfc062723c751e8b465ee728b)  -> (artifact id: 'dcce51e62dc03dea16948e354c5ea36c') in 0.007923 seconds
  Import took 0.009740 seconds .

========================================================================
Received Import Request.
  Time since last request: 6.458113 seconds.
  path: Assets/Images/at-sea.png
  artifactKey: Guid(e09243f05317bb14cb418350a23ac121) Importer(815301076,1909f56bfc062723c751e8b465ee728b)
Start importing Assets/Images/at-sea.png using Guid(e09243f05317bb14cb418350a23ac121) Importer(815301076,1909f56bfc062723c751e8b465ee728b)  -> (artifact id: '19e472291c6e9e1912f792fa12d16d9b') in 0.037451 seconds
  Import took 0.039139 seconds .

========================================================================
Received Import Request.
  Time since last request: 0.000125 seconds.
  path: Assets/Images/castle.png
  artifactKey: Guid(76a9fdc93a18b0948b75ed61d6b7eaac) Importer(815301076,1909f56bfc062723c751e8b465ee728b)
Start importing Assets/Images/castle.png using Guid(76a9fdc93a18b0948b75ed61d6b7eaac) Importer(815301076,1909f56bfc062723c751e8b465ee728b)  -> (artifact id: '22ba5ec1b7342eecb2e200e2fc382f31') in 0.016211 seconds
  Import took 0.018041 seconds .

========================================================================
Received Import Request.
  Time since last request: 0.000126 seconds.
  path: Assets/Images/hills.png
  artifactKey: Guid(d671ea4634d1a874a820c2eac6396db3) Importer(815301076,1909f56bfc062723c751e8b465ee728b)
Start importing Assets/Images/hills.png using Guid(d671ea4634d1a874a820c2eac6396db3) Importer(815301076,1909f56bfc062723c751e8b465ee728b)  -> (artifact id: '6716b80c4058f8d68e4434a588f228d7') in 0.019174 seconds
  Import took 0.020901 seconds .

========================================================================
Received Import Request.
  Time since last request: 0.000172 seconds.
  path: Assets/Images/death-skull.png
  artifactKey: Guid(6742e294a8693b142a3f9d9826508ea8) Importer(815301076,1909f56bfc062723c751e8b465ee728b)
Start importing Assets/Images/death-skull.png using Guid(6742e294a8693b142a3f9d9826508ea8) Importer(815301076,1909f56bfc062723c751e8b465ee728b)  -> (artifact id: '9d374889f383f38e8cf3b4969cea0b3c') in 0.024559 seconds
  Import took 0.026364 seconds .

========================================================================
Received Import Request.
  Time since last request: 0.000124 seconds.
  path: Assets/Images/forest.png
  artifactKey: Guid(bda0b313f65067747b9a8d8142997de6) Importer(815301076,1909f56bfc062723c751e8b465ee728b)
Start importing Assets/Images/forest.png using Guid(bda0b313f65067747b9a8d8142997de6) Importer(815301076,1909f56bfc062723c751e8b465ee728b)  -> (artifact id: '918f715b2d2482999cbd422afdb11d14') in 0.019318 seconds
  Import took 0.020813 seconds .

========================================================================
Received Import Request.
  Time since last request: 0.000124 seconds.
  path: Assets/Images/village.png
  artifactKey: Guid(8c9da1bf686bf724396b6e5be8f7e95b) Importer(815301076,1909f56bfc062723c751e8b465ee728b)
Start importing Assets/Images/village.png using Guid(8c9da1bf686bf724396b6e5be8f7e95b) Importer(815301076,1909f56bfc062723c751e8b465ee728b)  -> (artifact id: 'ef217eac85963932e39b1f3504ebc715') in 0.015066 seconds
  Import took 0.016723 seconds .

========================================================================
Received Import Request.
  Time since last request: 0.000123 seconds.
  path: Assets/Images/caldera.png
  artifactKey: Guid(8f2864ccc03a74540ba1022d2e8422d2) Importer(815301076,1909f56bfc062723c751e8b465ee728b)
Start importing Assets/Images/caldera.png using Guid(8f2864ccc03a74540ba1022d2e8422d2) Importer(815301076,1909f56bfc062723c751e8b465ee728b)  -> (artifact id: '2a114448a5ed31fe73ac3dcacc16f08c') in 0.015924 seconds
  Import took 0.017477 seconds .

========================================================================
Received Import Request.
  Time since last request: 0.000120 seconds.
  path: Assets/Images/camping-tent (1).png
  artifactKey: Guid(7c73ccdb889eb0841beb5b7682fa7e14) Importer(815301076,1909f56bfc062723c751e8b465ee728b)
Start importing Assets/Images/camping-tent (1).png using Guid(7c73ccdb889eb0841beb5b7682fa7e14) Importer(815301076,1909f56bfc062723c751e8b465ee728b)  -> (artifact id: '13b73d4639cf14c0d01d2e298749b1b8') in 0.016535 seconds
  Import took 0.018113 seconds .

========================================================================
Received Import Request.
  Time since last request: 0.000121 seconds.
  path: Assets/Images/camping-tent.png
  artifactKey: Guid(7d18dbe88bf71f243944d72d593236b7) Importer(815301076,1909f56bfc062723c751e8b465ee728b)
Start importing Assets/Images/camping-tent.png using Guid(7d18dbe88bf71f243944d72d593236b7) Importer(815301076,1909f56bfc062723c751e8b465ee728b)  -> (artifact id: 'e2be6b30d2dbacc9f079e8ef89b986f1') in 0.010845 seconds
  Import took 0.012736 seconds .

========================================================================
Received Import Request.
  Time since last request: 0.000122 seconds.
  path: Assets/Images/desert.png
  artifactKey: Guid(f78a90daf63e3ea4186d3153a3eaf2e3) Importer(815301076,1909f56bfc062723c751e8b465ee728b)
Start importing Assets/Images/desert.png using Guid(f78a90daf63e3ea4186d3153a3eaf2e3) Importer(815301076,1909f56bfc062723c751e8b465ee728b)  -> (artifact id: '833486012b1e2f955701cb6ad4bc0331') in 0.015618 seconds
  Import took 0.017305 seconds .

========================================================================
Received Import Request.
  Time since last request: 0.000130 seconds.
  path: Assets/Images/snowflake-2.png
  artifactKey: Guid(543e382475f92f4488499da63d926751) Importer(815301076,1909f56bfc062723c751e8b465ee728b)
Start importing Assets/Images/snowflake-2.png using Guid(543e382475f92f4488499da63d926751) Importer(815301076,1909f56bfc062723c751e8b465ee728b)  -> (artifact id: 'ef6a215ddfa49dfc7afc50890a578462') in 0.017799 seconds
  Import took 0.019272 seconds .

========================================================================
Received Import Request.
  Time since last request: 7.693665 seconds.
  path: Assets/Images/empty.png
  artifactKey: Guid(7c73ccdb889eb0841beb5b7682fa7e14) Importer(815301076,1909f56bfc062723c751e8b465ee728b)
Start importing Assets/Images/empty.png using Guid(7c73ccdb889eb0841beb5b7682fa7e14) Importer(815301076,1909f56bfc062723c751e8b465ee728b)  -> (artifact id: '3991abc5f62bd7dee99ecf1f0768e42c') in 0.023275 seconds
  Import took 0.025442 seconds .

========================================================================
Received Import Request.
  Time since last request: 106.680432 seconds.
  path: Assets/Images/panelInset_brown.png
  artifactKey: Guid(18263e0d4b2fbd4488841f4ddd2bf4c4) Importer(815301076,1909f56bfc062723c751e8b465ee728b)
Start importing Assets/Images/panelInset_brown.png using Guid(18263e0d4b2fbd4488841f4ddd2bf4c4) Importer(815301076,1909f56bfc062723c751e8b465ee728b)  -> (artifact id: 'cbbb010197bf35ca912dba1144959bc1') in 0.010332 seconds
  Import took 0.011847 seconds .

========================================================================
Received Import Request.
  Time since last request: 141.576494 seconds.
  path: Assets/Images/buttonSquare_grey.png
  artifactKey: Guid(a9c02c658c7d41f4aaf27f8d65b93757) Importer(815301076,1909f56bfc062723c751e8b465ee728b)
Start importing Assets/Images/buttonSquare_grey.png using Guid(a9c02c658c7d41f4aaf27f8d65b93757) Importer(815301076,1909f56bfc062723c751e8b465ee728b)  -> (artifact id: 'fddf57751edeebc823c938a92fcfc96c') in 0.019792 seconds
  Import took 0.022039 seconds .

========================================================================
Received Import Request.
  Time since last request: 0.010089 seconds.
  path: Assets/Images/buttonSquare_grey.png
  artifactKey: Guid(a9c02c658c7d41f4aaf27f8d65b93757) Importer(815301076,1909f56bfc062723c751e8b465ee728b)
Start importing Assets/Images/buttonSquare_grey.png using Guid(a9c02c658c7d41f4aaf27f8d65b93757) Importer(815301076,1909f56bfc062723c751e8b465ee728b)  -> (artifact id: 'fddf57751edeebc823c938a92fcfc96c') in 0.023110 seconds
  Import took 0.024745 seconds .

========================================================================
Received Import Request.
  Time since last request: 4.916255 seconds.
  path: Assets/Images/buttonSquare_grey.png
  artifactKey: Guid(a9c02c658c7d41f4aaf27f8d65b93757) Importer(815301076,1909f56bfc062723c751e8b465ee728b)
Start importing Assets/Images/buttonSquare_grey.png using Guid(a9c02c658c7d41f4aaf27f8d65b93757) Importer(815301076,1909f56bfc062723c751e8b465ee728b)  -> (artifact id: '5fa34cfe607dbfe38786da61919624a9') in 0.011615 seconds
  Import took 0.013602 seconds .

========================================================================
Received Import Request.
  Time since last request: 0.000346 seconds.
  path: Assets/Images/buttonSquare_grey.png
  artifactKey: Guid(a9c02c658c7d41f4aaf27f8d65b93757) Importer(815301076,1909f56bfc062723c751e8b465ee728b)
Start importing Assets/Images/buttonSquare_grey.png using Guid(a9c02c658c7d41f4aaf27f8d65b93757) Importer(815301076,1909f56bfc062723c751e8b465ee728b)  -> (artifact id: '5fa34cfe607dbfe38786da61919624a9') in 0.012730 seconds
  Import took 0.014244 seconds .

========================================================================
Received Import Request.
  Time since last request: 3.353070 seconds.
  path: Assets/Images/panelInset_brown.png
  artifactKey: Guid(18263e0d4b2fbd4488841f4ddd2bf4c4) Importer(815301076,1909f56bfc062723c751e8b465ee728b)
Start importing Assets/Images/panelInset_brown.png using Guid(18263e0d4b2fbd4488841f4ddd2bf4c4) Importer(815301076,1909f56bfc062723c751e8b465ee728b)  -> (artifact id: '7e78156b179cf9428263c68455308d73') in 0.011196 seconds
  Import took 0.013108 seconds .

========================================================================
Received Import Request.
  Time since last request: 13.147918 seconds.
  path: Assets/Images/panelInset_brown.png
  artifactKey: Guid(18263e0d4b2fbd4488841f4ddd2bf4c4) Importer(815301076,1909f56bfc062723c751e8b465ee728b)
Start importing Assets/Images/panelInset_brown.png using Guid(18263e0d4b2fbd4488841f4ddd2bf4c4) Importer(815301076,1909f56bfc062723c751e8b465ee728b)  -> (artifact id: '8a4a06f4c3ebfd3c9f0d4e9050d9b2a3') in 0.030046 seconds
  Import took 0.031608 seconds .

========================================================================
Received Import Request.
  Time since last request: 396.157295 seconds.
  path: Assets/Images/Cinzel-VariableFont_wght.ttf
  artifactKey: Guid(c4403f1b6448b6f428f9468d72eee869) Importer(815301076,1909f56bfc062723c751e8b465ee728b)
Start importing Assets/Images/Cinzel-VariableFont_wght.ttf using Guid(c4403f1b6448b6f428f9468d72eee869) Importer(815301076,1909f56bfc062723c751e8b465ee728b)  -> (artifact id: '05d89bbbf7497868695071998ce0e880') in 0.060457 seconds
  Import took 0.062247 seconds .

========================================================================
Received Import Request.
  Time since last request: 32.683281 seconds.
  path: Assets/Images/Cinzel-ExtraBold.ttf
  artifactKey: Guid(218f4b2dc06db5445a67bfed5ea3f378) Importer(815301076,1909f56bfc062723c751e8b465ee728b)
Start importing Assets/Images/Cinzel-ExtraBold.ttf using Guid(218f4b2dc06db5445a67bfed5ea3f378) Importer(815301076,1909f56bfc062723c751e8b465ee728b)  -> (artifact id: '46a729e3fa9d88f07509cd1c83ea82e3') in 0.016916 seconds
  Import took 0.018663 seconds .

========================================================================
Received Import Request.
  Time since last request: 0.000816 seconds.
  path: Assets/Images/Cinzel-ExtraBold.ttf
  artifactKey: Guid(218f4b2dc06db5445a67bfed5ea3f378) Importer(815301076,1909f56bfc062723c751e8b465ee728b)
Start importing Assets/Images/Cinzel-ExtraBold.ttf using Guid(218f4b2dc06db5445a67bfed5ea3f378) Importer(815301076,1909f56bfc062723c751e8b465ee728b)  -> (artifact id: '46a729e3fa9d88f07509cd1c83ea82e3') in 0.015932 seconds
  Import took 0.017439 seconds .

========================================================================
Received Import Request.
  Time since last request: 2.765929 seconds.
  path: Assets/Images/Cinzel-Medium.ttf
  artifactKey: Guid(da259f4cbe18f744cb79759bec741edd) Importer(815301076,1909f56bfc062723c751e8b465ee728b)
Start importing Assets/Images/Cinzel-Medium.ttf using Guid(da259f4cbe18f744cb79759bec741edd) Importer(815301076,1909f56bfc062723c751e8b465ee728b)  -> (artifact id: '2f18bfb0b23f14d3a4ac2cfa1764df80') in 0.009039 seconds
  Import took 0.010838 seconds .

========================================================================
Received Prepare
Registering precompiled user dll's ...
Registered in 0.000556 seconds.
Begin MonoManager ReloadAssembly
Native extension for WindowsStandalone target not found
Native extension for WebGL target not found
Refreshing native plugins compatible for Editor in 0.17 ms, found 0 plugins.
Preloading 0 native plugins for Editor in 0.00 ms.
Mono: successfully reloaded assembly
- Completed reload, in  0.628 seconds
Platform modules already initialized, skipping
Refreshing native plugins compatible for Editor in 0.17 ms, found 0 plugins.
Preloading 0 native plugins for Editor in 0.00 ms.
Unloading 1115 Unused Serialized files (Serialized files now loaded: 0)
System memory in use before: 60.7 MB.
System memory in use after: 60.8 MB.

Unloading 5 unused Assets to reduce memory usage. Loaded Objects now: 1618.
Total: 1.126700 ms (FindLiveObjects: 0.092200 ms CreateObjectMapping: 0.026900 ms MarkObjects: 0.975400 ms  DeleteObjects: 0.031600 ms)

========================================================================
Received Prepare
Registering precompiled user dll's ...
Registered in 0.001260 seconds.
Begin MonoManager ReloadAssembly
Native extension for WindowsStandalone target not found
Native extension for WebGL target not found
Refreshing native plugins compatible for Editor in 0.18 ms, found 0 plugins.
Preloading 0 native plugins for Editor in 0.00 ms.
Mono: successfully reloaded assembly
- Completed reload, in  0.631 seconds
Platform modules already initialized, skipping
Refreshing native plugins compatible for Editor in 0.17 ms, found 0 plugins.
Preloading 0 native plugins for Editor in 0.00 ms.
Unloading 1115 Unused Serialized files (Serialized files now loaded: 0)
System memory in use before: 60.7 MB.
System memory in use after: 60.8 MB.

Unloading 5 unused Assets to reduce memory usage. Loaded Objects now: 1621.
Total: 1.146600 ms (FindLiveObjects: 0.094900 ms CreateObjectMapping: 0.026200 ms MarkObjects: 0.989000 ms  DeleteObjects: 0.036000 ms)

========================================================================
Received Prepare
Registering precompiled user dll's ...
Registered in 0.000558 seconds.
Begin MonoManager ReloadAssembly
Native extension for WindowsStandalone target not found
Native extension for WebGL target not found
Refreshing native plugins compatible for Editor in 0.19 ms, found 0 plugins.
Preloading 0 native plugins for Editor in 0.00 ms.
Mono: successfully reloaded assembly
- Completed reload, in  0.606 seconds
Platform modules already initialized, skipping
Refreshing native plugins compatible for Editor in 0.17 ms, found 0 plugins.
Preloading 0 native plugins for Editor in 0.00 ms.
Unloading 1115 Unused Serialized files (Serialized files now loaded: 0)
System memory in use before: 60.7 MB.
System memory in use after: 60.8 MB.

Unloading 5 unused Assets to reduce memory usage. Loaded Objects now: 1624.
Total: 1.169700 ms (FindLiveObjects: 0.100100 ms CreateObjectMapping: 0.028900 ms MarkObjects: 1.006300 ms  DeleteObjects: 0.033900 ms)

========================================================================
Received Prepare
Registering precompiled user dll's ...
Registered in 0.000597 seconds.
Begin MonoManager ReloadAssembly
Native extension for WindowsStandalone target not found
Native extension for WebGL target not found
Refreshing native plugins compatible for Editor in 0.19 ms, found 0 plugins.
Preloading 0 native plugins for Editor in 0.00 ms.
Mono: successfully reloaded assembly
- Completed reload, in  0.650 seconds
Platform modules already initialized, skipping
Refreshing native plugins compatible for Editor in 0.18 ms, found 0 plugins.
Preloading 0 native plugins for Editor in 0.00 ms.
Unloading 1115 Unused Serialized files (Serialized files now loaded: 0)
System memory in use before: 60.8 MB.
System memory in use after: 60.8 MB.

Unloading 5 unused Assets to reduce memory usage. Loaded Objects now: 1627.
Total: 1.577900 ms (FindLiveObjects: 0.164000 ms CreateObjectMapping: 0.045200 ms MarkObjects: 1.312200 ms  DeleteObjects: 0.055300 ms)

========================================================================
Received Prepare
Registering precompiled user dll's ...
Registered in 0.000552 seconds.
Begin MonoManager ReloadAssembly
Native extension for WindowsStandalone target not found
Native extension for WebGL target not found
Refreshing native plugins compatible for Editor in 0.18 ms, found 0 plugins.
Preloading 0 native plugins for Editor in 0.00 ms.
Mono: successfully reloaded assembly
- Completed reload, in  0.619 seconds
Platform modules already initialized, skipping
Refreshing native plugins compatible for Editor in 0.20 ms, found 0 plugins.
Preloading 0 native plugins for Editor in 0.00 ms.
Unloading 1115 Unused Serialized files (Serialized files now loaded: 0)
System memory in use before: 60.8 MB.
System memory in use after: 60.8 MB.

Unloading 5 unused Assets to reduce memory usage. Loaded Objects now: 1630.
Total: 1.425900 ms (FindLiveObjects: 0.105200 ms CreateObjectMapping: 0.033500 ms MarkObjects: 1.238700 ms  DeleteObjects: 0.047700 ms)

========================================================================
Received Prepare
Registering precompiled user dll's ...
Registered in 0.000540 seconds.
Begin MonoManager ReloadAssembly
Native extension for WindowsStandalone target not found
Native extension for WebGL target not found
Refreshing native plugins compatible for Editor in 0.21 ms, found 0 plugins.
Preloading 0 native plugins for Editor in 0.00 ms.
Mono: successfully reloaded assembly
- Completed reload, in  0.612 seconds
Platform modules already initialized, skipping
Refreshing native plugins compatible for Editor in 0.17 ms, found 0 plugins.
Preloading 0 native plugins for Editor in 0.00 ms.
Unloading 1115 Unused Serialized files (Serialized files now loaded: 0)
System memory in use before: 60.8 MB.
System memory in use after: 60.9 MB.

Unloading 5 unused Assets to reduce memory usage. Loaded Objects now: 1633.
Total: 1.128100 ms (FindLiveObjects: 0.090300 ms CreateObjectMapping: 0.027300 ms MarkObjects: 0.977000 ms  DeleteObjects: 0.032700 ms)

========================================================================
Received Prepare
Registering precompiled user dll's ...
Registered in 0.000837 seconds.
Begin MonoManager ReloadAssembly
Native extension for WindowsStandalone target not found
Native extension for WebGL target not found
Refreshing native plugins compatible for Editor in 0.19 ms, found 0 plugins.
Preloading 0 native plugins for Editor in 0.00 ms.
Mono: successfully reloaded assembly
- Completed reload, in  0.750 seconds
Platform modules already initialized, skipping
Refreshing native plugins compatible for Editor in 0.18 ms, found 0 plugins.
Preloading 0 native plugins for Editor in 0.00 ms.
Unloading 1115 Unused Serialized files (Serialized files now loaded: 0)
System memory in use before: 60.8 MB.
System memory in use after: 60.9 MB.

Unloading 5 unused Assets to reduce memory usage. Loaded Objects now: 1636.
Total: 1.416800 ms (FindLiveObjects: 0.143700 ms CreateObjectMapping: 0.032800 ms MarkObjects: 1.205200 ms  DeleteObjects: 0.034400 ms)

========================================================================
Received Prepare
Registering precompiled user dll's ...
Registered in 0.000532 seconds.
Begin MonoManager ReloadAssembly
Native extension for WindowsStandalone target not found
Native extension for WebGL target not found
Refreshing native plugins compatible for Editor in 0.18 ms, found 0 plugins.
Preloading 0 native plugins for Editor in 0.00 ms.
Mono: successfully reloaded assembly
- Completed reload, in  0.601 seconds
Platform modules already initialized, skipping
Refreshing native plugins compatible for Editor in 0.17 ms, found 0 plugins.
Preloading 0 native plugins for Editor in 0.00 ms.
Unloading 1115 Unused Serialized files (Serialized files now loaded: 0)
System memory in use before: 60.8 MB.
System memory in use after: 60.9 MB.

Unloading 5 unused Assets to reduce memory usage. Loaded Objects now: 1639.
Total: 1.178000 ms (FindLiveObjects: 0.106700 ms CreateObjectMapping: 0.029500 ms MarkObjects: 1.007000 ms  DeleteObjects: 0.034000 ms)

========================================================================
Received Prepare
Registering precompiled user dll's ...
Registered in 0.000566 seconds.
Begin MonoManager ReloadAssembly
Native extension for WindowsStandalone target not found
Native extension for WebGL target not found
Refreshing native plugins compatible for Editor in 0.17 ms, found 0 plugins.
Preloading 0 native plugins for Editor in 0.00 ms.
Mono: successfully reloaded assembly
- Completed reload, in  0.607 seconds
Platform modules already initialized, skipping
Refreshing native plugins compatible for Editor in 0.20 ms, found 0 plugins.
Preloading 0 native plugins for Editor in 0.00 ms.
Unloading 1115 Unused Serialized files (Serialized files now loaded: 0)
System memory in use before: 60.8 MB.
System memory in use after: 60.9 MB.

Unloading 5 unused Assets to reduce memory usage. Loaded Objects now: 1642.
Total: 1.167500 ms (FindLiveObjects: 0.092000 ms CreateObjectMapping: 0.025700 ms MarkObjects: 1.013300 ms  DeleteObjects: 0.035900 ms)

========================================================================
Received Prepare
Registering precompiled user dll's ...
Registered in 0.000563 seconds.
Begin MonoManager ReloadAssembly
Native extension for WindowsStandalone target not found
Native extension for WebGL target not found
Refreshing native plugins compatible for Editor in 0.18 ms, found 0 plugins.
Preloading 0 native plugins for Editor in 0.00 ms.
Mono: successfully reloaded assembly
- Completed reload, in  0.613 seconds
Platform modules already initialized, skipping
Refreshing native plugins compatible for Editor in 0.17 ms, found 0 plugins.
Preloading 0 native plugins for Editor in 0.00 ms.
Unloading 1115 Unused Serialized files (Serialized files now loaded: 0)
System memory in use before: 60.8 MB.
System memory in use after: 60.9 MB.

Unloading 5 unused Assets to reduce memory usage. Loaded Objects now: 1645.
Total: 1.139100 ms (FindLiveObjects: 0.094000 ms CreateObjectMapping: 0.026500 ms MarkObjects: 0.985200 ms  DeleteObjects: 0.032700 ms)

========================================================================
Received Prepare
Registering precompiled user dll's ...
Registered in 0.000787 seconds.
Begin MonoManager ReloadAssembly
Native extension for WindowsStandalone target not found
Native extension for WebGL target not found
Refreshing native plugins compatible for Editor in 0.28 ms, found 0 plugins.
Preloading 0 native plugins for Editor in 0.00 ms.
Mono: successfully reloaded assembly
- Completed reload, in  0.704 seconds
Platform modules already initialized, skipping
Refreshing native plugins compatible for Editor in 0.18 ms, found 0 plugins.
Preloading 0 native plugins for Editor in 0.00 ms.
Unloading 1115 Unused Serialized files (Serialized files now loaded: 0)
System memory in use before: 60.8 MB.
System memory in use after: 60.9 MB.

Unloading 5 unused Assets to reduce memory usage. Loaded Objects now: 1648.
Total: 1.466100 ms (FindLiveObjects: 0.100500 ms CreateObjectMapping: 0.027300 ms MarkObjects: 1.301900 ms  DeleteObjects: 0.035600 ms)

========================================================================
Received Import Request.
  Time since last request: 1223.076184 seconds.
  path: Assets/SO/MapSO.asset
  artifactKey: Guid(f041d01928c302147828e0f9e95a7dab) Importer(815301076,1909f56bfc062723c751e8b465ee728b)
Start importing Assets/SO/MapSO.asset using Guid(f041d01928c302147828e0f9e95a7dab) Importer(815301076,1909f56bfc062723c751e8b465ee728b)  -> (artifact id: '35acd908b848e422e7056b41d08b1edd') in 0.036845 seconds
  Import took 0.039012 seconds .

========================================================================
Received Import Request.
  Time since last request: 8.559481 seconds.
  path: Assets/Prefabs/Hexagon.prefab
  artifactKey: Guid(4a03a7612b9771740a2eb9617f361d1e) Importer(815301076,1909f56bfc062723c751e8b465ee728b)
Start importing Assets/Prefabs/Hexagon.prefab using Guid(4a03a7612b9771740a2eb9617f361d1e) Importer(815301076,1909f56bfc062723c751e8b465ee728b)  -> (artifact id: '8cb5b6ee3c7d1299f416eac88b851c45') in 0.051694 seconds
  Import took 0.053801 seconds .

========================================================================
Received Import Request.
  Time since last request: 0.002814 seconds.
  path: Assets/Prefabs/Hexagon.prefab
  artifactKey: Guid(4a03a7612b9771740a2eb9617f361d1e) Importer(815301076,1909f56bfc062723c751e8b465ee728b)
Start importing Assets/Prefabs/Hexagon.prefab using Guid(4a03a7612b9771740a2eb9617f361d1e) Importer(815301076,1909f56bfc062723c751e8b465ee728b)  -> (artifact id: '8cb5b6ee3c7d1299f416eac88b851c45') in 0.007409 seconds
  Import took 0.009202 seconds .

========================================================================
Received Prepare
Registering precompiled user dll's ...
Registered in 0.000518 seconds.
Begin MonoManager ReloadAssembly
Native extension for WindowsStandalone target not found
Native extension for WebGL target not found
Refreshing native plugins compatible for Editor in 0.18 ms, found 0 plugins.
Preloading 0 native plugins for Editor in 0.00 ms.
Mono: successfully reloaded assembly
- Completed reload, in  0.619 seconds
Platform modules already initialized, skipping
Refreshing native plugins compatible for Editor in 0.17 ms, found 0 plugins.
Preloading 0 native plugins for Editor in 0.00 ms.
Unloading 1115 Unused Serialized files (Serialized files now loaded: 0)
System memory in use before: 60.9 MB.
System memory in use after: 61.0 MB.

Unloading 5 unused Assets to reduce memory usage. Loaded Objects now: 1652.
Total: 1.137400 ms (FindLiveObjects: 0.094000 ms CreateObjectMapping: 0.026000 ms MarkObjects: 0.985000 ms  DeleteObjects: 0.031800 ms)

========================================================================
Received Prepare
Registering precompiled user dll's ...
Registered in 0.000555 seconds.
Begin MonoManager ReloadAssembly
Native extension for WindowsStandalone target not found
Native extension for WebGL target not found
Refreshing native plugins compatible for Editor in 0.18 ms, found 0 plugins.
Preloading 0 native plugins for Editor in 0.00 ms.
Mono: successfully reloaded assembly
- Completed reload, in  0.611 seconds
Platform modules already initialized, skipping
Refreshing native plugins compatible for Editor in 0.17 ms, found 0 plugins.
Preloading 0 native plugins for Editor in 0.00 ms.
Unloading 1115 Unused Serialized files (Serialized files now loaded: 0)
System memory in use before: 60.9 MB.
System memory in use after: 61.0 MB.

Unloading 5 unused Assets to reduce memory usage. Loaded Objects now: 1655.
Total: 1.229800 ms (FindLiveObjects: 0.096100 ms CreateObjectMapping: 0.026400 ms MarkObjects: 1.068800 ms  DeleteObjects: 0.037900 ms)

========================================================================
Received Import Request.
  Time since last request: 359.212688 seconds.
  path: Assets/Audio
  artifactKey: Guid(4fe21a73032aacd48937f2bcbc4d86ac) Importer(815301076,1909f56bfc062723c751e8b465ee728b)
Start importing Assets/Audio using Guid(4fe21a73032aacd48937f2bcbc4d86ac) Importer(815301076,1909f56bfc062723c751e8b465ee728b)  -> (artifact id: 'a8300f65ce2781ceabd20de0b5ef6d38') in 0.006819 seconds
  Import took 0.008478 seconds .

========================================================================
Received Import Request.
  Time since last request: 8.985553 seconds.
  path: Assets/Audio/SFX
  artifactKey: Guid(e520267cb7c390449afc3414121e334b) Importer(815301076,1909f56bfc062723c751e8b465ee728b)
Start importing Assets/Audio/SFX using Guid(e520267cb7c390449afc3414121e334b) Importer(815301076,1909f56bfc062723c751e8b465ee728b)  -> (artifact id: '48d6b68b3fc0ae3fec24ab64474525c5') in 0.005695 seconds
  Import took 0.012571 seconds .

========================================================================
Received Import Request.
  Time since last request: 4.935867 seconds.
  path: Assets/Audio/Music
  artifactKey: Guid(f2116f5a822490c46b55f77971924959) Importer(815301076,1909f56bfc062723c751e8b465ee728b)
Start importing Assets/Audio/Music using Guid(f2116f5a822490c46b55f77971924959) Importer(815301076,1909f56bfc062723c751e8b465ee728b)  -> (artifact id: '2dd345a9d9215f992ffef0c4200051c2') in 0.004811 seconds
  Import took 0.006604 seconds .

========================================================================
Received Import Request.
  Time since last request: 3.437758 seconds.
  path: Assets/Audio/SFX/353975__nettimato__rolling-dice-1.wav
  artifactKey: Guid(53460acedc16c5c4497a3cc63784e58d) Importer(815301076,1909f56bfc062723c751e8b465ee728b)
Start importing Assets/Audio/SFX/353975__nettimato__rolling-dice-1.wav using Guid(53460acedc16c5c4497a3cc63784e58d) Importer(815301076,1909f56bfc062723c751e8b465ee728b)  -> (artifact id: '6cfc08f4eca466b57b95053eed6d34e4') in 0.056523 seconds
  Import took 0.058285 seconds .

========================================================================
Received Import Request.
  Time since last request: 11.987605 seconds.
  path: Assets/Main.mixer
  artifactKey: Guid(c1ffe3ba0799da949b8349cdefe76dea) Importer(815301076,1909f56bfc062723c751e8b465ee728b)
Start importing Assets/Main.mixer using Guid(c1ffe3ba0799da949b8349cdefe76dea) Importer(815301076,1909f56bfc062723c751e8b465ee728b)  -> (artifact id: '448fddc77dd7c9f6748a055a63b12fba') in 0.006367 seconds
  Import took 0.008282 seconds .

========================================================================
Received Import Request.
  Time since last request: 0.001314 seconds.
  path: Assets/Main.mixer
  artifactKey: Guid(c1ffe3ba0799da949b8349cdefe76dea) Importer(815301076,1909f56bfc062723c751e8b465ee728b)
Start importing Assets/Main.mixer using Guid(c1ffe3ba0799da949b8349cdefe76dea) Importer(815301076,1909f56bfc062723c751e8b465ee728b)  -> (artifact id: '448fddc77dd7c9f6748a055a63b12fba') in 0.002368 seconds
  Import took 0.003877 seconds .

========================================================================
Received Import Request.
  Time since last request: 2.400793 seconds.
  path: Assets/Main.mixer
  artifactKey: Guid(c1ffe3ba0799da949b8349cdefe76dea) Importer(815301076,1909f56bfc062723c751e8b465ee728b)
Start importing Assets/Main.mixer using Guid(c1ffe3ba0799da949b8349cdefe76dea) Importer(815301076,1909f56bfc062723c751e8b465ee728b)  -> (artifact id: 'a83da6cc4ca34ab13c525c74fb581a12') in 0.002457 seconds
  Import took 0.003938 seconds .

========================================================================
Received Import Request.
  Time since last request: 0.017455 seconds.
  path: Assets/Main.mixer
  artifactKey: Guid(c1ffe3ba0799da949b8349cdefe76dea) Importer(815301076,1909f56bfc062723c751e8b465ee728b)
Start importing Assets/Main.mixer using Guid(c1ffe3ba0799da949b8349cdefe76dea) Importer(815301076,1909f56bfc062723c751e8b465ee728b)  -> (artifact id: 'a83da6cc4ca34ab13c525c74fb581a12') in 0.002185 seconds
  Import took 0.003654 seconds .

========================================================================
Received Import Request.
  Time since last request: 2.052091 seconds.
  path: Assets/Main.mixer
  artifactKey: Guid(c1ffe3ba0799da949b8349cdefe76dea) Importer(815301076,1909f56bfc062723c751e8b465ee728b)
Start importing Assets/Main.mixer using Guid(c1ffe3ba0799da949b8349cdefe76dea) Importer(815301076,1909f56bfc062723c751e8b465ee728b)  -> (artifact id: 'c77d5900a655fd0d044d49ecf4d071ae') in 0.002133 seconds
  Import took 0.003763 seconds .

========================================================================
Received Import Request.
  Time since last request: 1.624031 seconds.
  path: Assets/Main.mixer
  artifactKey: Guid(c1ffe3ba0799da949b8349cdefe76dea) Importer(815301076,1909f56bfc062723c751e8b465ee728b)
Start importing Assets/Main.mixer using Guid(c1ffe3ba0799da949b8349cdefe76dea) Importer(815301076,1909f56bfc062723c751e8b465ee728b)  -> (artifact id: '8aa06155fd089f5a2dd25028cc788b74') in 0.001996 seconds
  Import took 0.003511 seconds .

========================================================================
Received Import Request.
  Time since last request: 0.013612 seconds.
  path: Assets/Main.mixer
  artifactKey: Guid(c1ffe3ba0799da949b8349cdefe76dea) Importer(815301076,1909f56bfc062723c751e8b465ee728b)
Start importing Assets/Main.mixer using Guid(c1ffe3ba0799da949b8349cdefe76dea) Importer(815301076,1909f56bfc062723c751e8b465ee728b)  -> (artifact id: '8aa06155fd089f5a2dd25028cc788b74') in 0.002135 seconds
  Import took 0.003665 seconds .

========================================================================
Received Import Request.
  Time since last request: 1.394223 seconds.
  path: Assets/Main.mixer
  artifactKey: Guid(c1ffe3ba0799da949b8349cdefe76dea) Importer(815301076,1909f56bfc062723c751e8b465ee728b)
Start importing Assets/Main.mixer using Guid(c1ffe3ba0799da949b8349cdefe76dea) Importer(815301076,1909f56bfc062723c751e8b465ee728b)  -> (artifact id: '6a366efa86cc4bd38ac54b50e8387469') in 0.002218 seconds
  Import took 0.003687 seconds .

========================================================================
Received Import Request.
  Time since last request: 202.838294 seconds.
  path: Assets/Prefabs/BiomeText.prefab
  artifactKey: Guid(2502422b43508d24c9e3a2bf1cc0d062) Importer(815301076,1909f56bfc062723c751e8b465ee728b)
Start importing Assets/Prefabs/BiomeText.prefab using Guid(2502422b43508d24c9e3a2bf1cc0d062) Importer(815301076,1909f56bfc062723c751e8b465ee728b)  -> (artifact id: 'ceebaa6368a6961bb9fe24c4c8699e3d') in 0.017492 seconds
  Import took 0.019672 seconds .

========================================================================
Received Prepare
Registering precompiled user dll's ...
Registered in 0.000574 seconds.
Begin MonoManager ReloadAssembly
Native extension for WindowsStandalone target not found
Native extension for WebGL target not found
Refreshing native plugins compatible for Editor in 0.18 ms, found 0 plugins.
Preloading 0 native plugins for Editor in 0.00 ms.
Mono: successfully reloaded assembly
- Completed reload, in  0.609 seconds
Platform modules already initialized, skipping
Refreshing native plugins compatible for Editor in 0.17 ms, found 0 plugins.
Preloading 0 native plugins for Editor in 0.00 ms.
Unloading 1115 Unused Serialized files (Serialized files now loaded: 0)
System memory in use before: 61.0 MB.
System memory in use after: 61.1 MB.

Unloading 5 unused Assets to reduce memory usage. Loaded Objects now: 1661.
Total: 1.171000 ms (FindLiveObjects: 0.097200 ms CreateObjectMapping: 0.025800 ms MarkObjects: 1.011600 ms  DeleteObjects: 0.035700 ms)

========================================================================
Received Prepare
Registering precompiled user dll's ...
Registered in 0.000555 seconds.
Begin MonoManager ReloadAssembly
Native extension for WindowsStandalone target not found
Native extension for WebGL target not found
Refreshing native plugins compatible for Editor in 0.17 ms, found 0 plugins.
Preloading 0 native plugins for Editor in 0.00 ms.
Mono: successfully reloaded assembly
- Completed reload, in  0.659 seconds
Platform modules already initialized, skipping
Refreshing native plugins compatible for Editor in 0.17 ms, found 0 plugins.
Preloading 0 native plugins for Editor in 0.00 ms.
Unloading 1115 Unused Serialized files (Serialized files now loaded: 0)
System memory in use before: 61.0 MB.
System memory in use after: 61.1 MB.

Unloading 5 unused Assets to reduce memory usage. Loaded Objects now: 1664.
Total: 1.158400 ms (FindLiveObjects: 0.092600 ms CreateObjectMapping: 0.026300 ms MarkObjects: 1.005400 ms  DeleteObjects: 0.033500 ms)

========================================================================
Received Import Request.
  Time since last request: 249.451511 seconds.
  path: Assets/Audio/SFX/242721__sergeeo__burning-air.mp3
  artifactKey: Guid(39269cacbb58eab4da0820421ff2b19e) Importer(815301076,1909f56bfc062723c751e8b465ee728b)
Start importing Assets/Audio/SFX/242721__sergeeo__burning-air.mp3 using Guid(39269cacbb58eab4da0820421ff2b19e) Importer(815301076,1909f56bfc062723c751e8b465ee728b)  -> (artifact id: 'fd7ce14443225e6822f9a74267ba5c5c') in 0.040593 seconds
  Import took 0.042146 seconds .

========================================================================
Received Import Request.
  Time since last request: 390.528194 seconds.
  path: Assets/Animations/BiomeText.controller
  artifactKey: Guid(fd0f8cc6f0e72ca4582f0fdb21577bee) Importer(815301076,1909f56bfc062723c751e8b465ee728b)
Start importing Assets/Animations/BiomeText.controller using Guid(fd0f8cc6f0e72ca4582f0fdb21577bee) Importer(815301076,1909f56bfc062723c751e8b465ee728b)  -> (artifact id: '55d8be69f437ebfc2d82866b3cd6e856') in 0.004474 seconds
  Import took 0.006286 seconds .

========================================================================
Received Import Request.
  Time since last request: 0.000867 seconds.
  path: Assets/Animations/BiomeText.controller
  artifactKey: Guid(fd0f8cc6f0e72ca4582f0fdb21577bee) Importer(815301076,1909f56bfc062723c751e8b465ee728b)
Start importing Assets/Animations/BiomeText.controller using Guid(fd0f8cc6f0e72ca4582f0fdb21577bee) Importer(815301076,1909f56bfc062723c751e8b465ee728b)  -> (artifact id: '55d8be69f437ebfc2d82866b3cd6e856') in 0.002596 seconds
  Import took 0.004181 seconds .

========================================================================
Received Prepare
Registering precompiled user dll's ...
Registered in 0.000562 seconds.
Begin MonoManager ReloadAssembly
Native extension for WindowsStandalone target not found
Native extension for WebGL target not found
Refreshing native plugins compatible for Editor in 0.19 ms, found 0 plugins.
Preloading 0 native plugins for Editor in 0.00 ms.
Mono: successfully reloaded assembly
- Completed reload, in  0.620 seconds
Platform modules already initialized, skipping
Refreshing native plugins compatible for Editor in 0.20 ms, found 0 plugins.
Preloading 0 native plugins for Editor in 0.00 ms.
Unloading 1115 Unused Serialized files (Serialized files now loaded: 0)
System memory in use before: 61.0 MB.
System memory in use after: 61.1 MB.

Unloading 5 unused Assets to reduce memory usage. Loaded Objects now: 1668.
Total: 1.185800 ms (FindLiveObjects: 0.095700 ms CreateObjectMapping: 0.026500 ms MarkObjects: 1.027200 ms  DeleteObjects: 0.035900 ms)

========================================================================
Received Prepare
Registering precompiled user dll's ...
Registered in 0.000545 seconds.
Begin MonoManager ReloadAssembly
Native extension for WindowsStandalone target not found
Native extension for WebGL target not found
Refreshing native plugins compatible for Editor in 0.18 ms, found 0 plugins.
Preloading 0 native plugins for Editor in 0.00 ms.
Mono: successfully reloaded assembly
- Completed reload, in  0.600 seconds
Platform modules already initialized, skipping
Refreshing native plugins compatible for Editor in 0.18 ms, found 0 plugins.
Preloading 0 native plugins for Editor in 0.00 ms.
Unloading 1115 Unused Serialized files (Serialized files now loaded: 0)
System memory in use before: 61.0 MB.
System memory in use after: 61.1 MB.

Unloading 5 unused Assets to reduce memory usage. Loaded Objects now: 1671.
Total: 1.214000 ms (FindLiveObjects: 0.100200 ms CreateObjectMapping: 0.029300 ms MarkObjects: 1.049400 ms  DeleteObjects: 0.034600 ms)

========================================================================
Received Prepare
Registering precompiled user dll's ...
Registered in 0.000561 seconds.
Begin MonoManager ReloadAssembly
Native extension for WindowsStandalone target not found
Native extension for WebGL target not found
Refreshing native plugins compatible for Editor in 0.20 ms, found 0 plugins.
Preloading 0 native plugins for Editor in 0.00 ms.
Mono: successfully reloaded assembly
- Completed reload, in  0.608 seconds
Platform modules already initialized, skipping
Refreshing native plugins compatible for Editor in 0.18 ms, found 0 plugins.
Preloading 0 native plugins for Editor in 0.00 ms.
Unloading 1115 Unused Serialized files (Serialized files now loaded: 0)
System memory in use before: 61.0 MB.
System memory in use after: 61.1 MB.

Unloading 5 unused Assets to reduce memory usage. Loaded Objects now: 1674.
Total: 1.138600 ms (FindLiveObjects: 0.093700 ms CreateObjectMapping: 0.026300 ms MarkObjects: 0.983700 ms  DeleteObjects: 0.034300 ms)

========================================================================
Received Prepare
Registering precompiled user dll's ...
Registered in 0.000563 seconds.
Begin MonoManager ReloadAssembly
Native extension for WindowsStandalone target not found
Native extension for WebGL target not found
Refreshing native plugins compatible for Editor in 0.18 ms, found 0 plugins.
Preloading 0 native plugins for Editor in 0.00 ms.
Mono: successfully reloaded assembly
- Completed reload, in  0.604 seconds
Platform modules already initialized, skipping
Refreshing native plugins compatible for Editor in 0.17 ms, found 0 plugins.
Preloading 0 native plugins for Editor in 0.00 ms.
Unloading 1115 Unused Serialized files (Serialized files now loaded: 0)
System memory in use before: 61.0 MB.
System memory in use after: 61.1 MB.

Unloading 5 unused Assets to reduce memory usage. Loaded Objects now: 1677.
Total: 1.253900 ms (FindLiveObjects: 0.109000 ms CreateObjectMapping: 0.027700 ms MarkObjects: 1.079800 ms  DeleteObjects: 0.036700 ms)

========================================================================
Received Prepare
Registering precompiled user dll's ...
Registered in 0.000518 seconds.
Begin MonoManager ReloadAssembly
Native extension for WindowsStandalone target not found
Native extension for WebGL target not found
Refreshing native plugins compatible for Editor in 0.18 ms, found 0 plugins.
Preloading 0 native plugins for Editor in 0.00 ms.
Mono: successfully reloaded assembly
- Completed reload, in  0.601 seconds
Platform modules already initialized, skipping
Refreshing native plugins compatible for Editor in 0.18 ms, found 0 plugins.
Preloading 0 native plugins for Editor in 0.00 ms.
Unloading 1115 Unused Serialized files (Serialized files now loaded: 0)
System memory in use before: 61.0 MB.
System memory in use after: 61.1 MB.

Unloading 5 unused Assets to reduce memory usage. Loaded Objects now: 1680.
Total: 1.217200 ms (FindLiveObjects: 0.097900 ms CreateObjectMapping: 0.029200 ms MarkObjects: 1.054800 ms  DeleteObjects: 0.034700 ms)

========================================================================
Received Prepare
Registering precompiled user dll's ...
Registered in 0.000594 seconds.
Begin MonoManager ReloadAssembly
Native extension for WindowsStandalone target not found
Native extension for WebGL target not found
Refreshing native plugins compatible for Editor in 0.35 ms, found 0 plugins.
Preloading 0 native plugins for Editor in 0.00 ms.
Mono: successfully reloaded assembly
- Completed reload, in  0.607 seconds
Platform modules already initialized, skipping
Refreshing native plugins compatible for Editor in 0.17 ms, found 0 plugins.
Preloading 0 native plugins for Editor in 0.00 ms.
Unloading 1115 Unused Serialized files (Serialized files now loaded: 0)
System memory in use before: 61.1 MB.
System memory in use after: 61.1 MB.

Unloading 5 unused Assets to reduce memory usage. Loaded Objects now: 1683.
Total: 1.197900 ms (FindLiveObjects: 0.099700 ms CreateObjectMapping: 0.026300 ms MarkObjects: 1.037600 ms  DeleteObjects: 0.033500 ms)

========================================================================
Received Prepare
Registering precompiled user dll's ...
Registered in 0.000581 seconds.
Begin MonoManager ReloadAssembly
Native extension for WindowsStandalone target not found
Native extension for WebGL target not found
Refreshing native plugins compatible for Editor in 0.18 ms, found 0 plugins.
Preloading 0 native plugins for Editor in 0.00 ms.
Mono: successfully reloaded assembly
- Completed reload, in  0.612 seconds
Platform modules already initialized, skipping
Refreshing native plugins compatible for Editor in 0.17 ms, found 0 plugins.
Preloading 0 native plugins for Editor in 0.00 ms.
Unloading 1115 Unused Serialized files (Serialized files now loaded: 0)
System memory in use before: 61.1 MB.
System memory in use after: 61.1 MB.

Unloading 5 unused Assets to reduce memory usage. Loaded Objects now: 1686.
Total: 1.184100 ms (FindLiveObjects: 0.105800 ms CreateObjectMapping: 0.026900 ms MarkObjects: 1.015300 ms  DeleteObjects: 0.035500 ms)

========================================================================
Received Prepare
Registering precompiled user dll's ...
Registered in 0.000581 seconds.
Begin MonoManager ReloadAssembly
Native extension for WindowsStandalone target not found
Native extension for WebGL target not found
Refreshing native plugins compatible for Editor in 0.18 ms, found 0 plugins.
Preloading 0 native plugins for Editor in 0.00 ms.
Mono: successfully reloaded assembly
- Completed reload, in  0.604 seconds
Platform modules already initialized, skipping
Refreshing native plugins compatible for Editor in 0.18 ms, found 0 plugins.
Preloading 0 native plugins for Editor in 0.00 ms.
Unloading 1115 Unused Serialized files (Serialized files now loaded: 0)
System memory in use before: 61.1 MB.
System memory in use after: 61.1 MB.

Unloading 5 unused Assets to reduce memory usage. Loaded Objects now: 1689.
Total: 1.502500 ms (FindLiveObjects: 0.152200 ms CreateObjectMapping: 0.043200 ms MarkObjects: 1.261600 ms  DeleteObjects: 0.044800 ms)

========================================================================
Received Prepare
Registering precompiled user dll's ...
Registered in 0.000552 seconds.
Begin MonoManager ReloadAssembly
Native extension for WindowsStandalone target not found
Native extension for WebGL target not found
Refreshing native plugins compatible for Editor in 0.20 ms, found 0 plugins.
Preloading 0 native plugins for Editor in 0.00 ms.
Mono: successfully reloaded assembly
- Completed reload, in  0.614 seconds
Platform modules already initialized, skipping
Refreshing native plugins compatible for Editor in 0.17 ms, found 0 plugins.
Preloading 0 native plugins for Editor in 0.00 ms.
Unloading 1115 Unused Serialized files (Serialized files now loaded: 0)
System memory in use before: 61.1 MB.
System memory in use after: 61.1 MB.

Unloading 5 unused Assets to reduce memory usage. Loaded Objects now: 1692.
Total: 1.150600 ms (FindLiveObjects: 0.097800 ms CreateObjectMapping: 0.027200 ms MarkObjects: 0.990400 ms  DeleteObjects: 0.034500 ms)

========================================================================
Received Prepare
Registering precompiled user dll's ...
Registered in 0.000554 seconds.
Begin MonoManager ReloadAssembly
Native extension for WindowsStandalone target not found
Native extension for WebGL target not found
Refreshing native plugins compatible for Editor in 0.18 ms, found 0 plugins.
Preloading 0 native plugins for Editor in 0.00 ms.
Mono: successfully reloaded assembly
- Completed reload, in  0.598 seconds
Platform modules already initialized, skipping
Refreshing native plugins compatible for Editor in 0.17 ms, found 0 plugins.
Preloading 0 native plugins for Editor in 0.00 ms.
Unloading 1115 Unused Serialized files (Serialized files now loaded: 0)
System memory in use before: 61.1 MB.
System memory in use after: 61.1 MB.

Unloading 5 unused Assets to reduce memory usage. Loaded Objects now: 1695.
Total: 1.142300 ms (FindLiveObjects: 0.094800 ms CreateObjectMapping: 0.026000 ms MarkObjects: 0.987800 ms  DeleteObjects: 0.033000 ms)

========================================================================
Received Import Request.
  Time since last request: 736.555852 seconds.
  path: Assets/Audio/SFX/242721__sergeeo__burning-air.mp3
  artifactKey: Guid(39269cacbb58eab4da0820421ff2b19e) Importer(815301076,1909f56bfc062723c751e8b465ee728b)
Start importing Assets/Audio/SFX/242721__sergeeo__burning-air.mp3 using Guid(39269cacbb58eab4da0820421ff2b19e) Importer(815301076,1909f56bfc062723c751e8b465ee728b)  -> (artifact id: 'e03c6f46613eb93c9b702fdca03a3c4c') in 0.037532 seconds
  Import took 0.039168 seconds .

========================================================================
Received Prepare
Registering precompiled user dll's ...
Registered in 0.000612 seconds.
Begin MonoManager ReloadAssembly
Native extension for WindowsStandalone target not found
Native extension for WebGL target not found
Refreshing native plugins compatible for Editor in 0.18 ms, found 0 plugins.
Preloading 0 native plugins for Editor in 0.00 ms.
Mono: successfully reloaded assembly
- Completed reload, in  0.706 seconds
Platform modules already initialized, skipping
Refreshing native plugins compatible for Editor in 0.17 ms, found 0 plugins.
Preloading 0 native plugins for Editor in 0.00 ms.
Unloading 1115 Unused Serialized files (Serialized files now loaded: 0)
System memory in use before: 61.1 MB.
System memory in use after: 61.2 MB.

Unloading 5 unused Assets to reduce memory usage. Loaded Objects now: 1699.
Total: 1.205300 ms (FindLiveObjects: 0.102500 ms CreateObjectMapping: 0.027100 ms MarkObjects: 1.038200 ms  DeleteObjects: 0.036700 ms)

========================================================================
Received Prepare
Registering precompiled user dll's ...
Registered in 0.000559 seconds.
Begin MonoManager ReloadAssembly
Native extension for WindowsStandalone target not found
Native extension for WebGL target not found
Refreshing native plugins compatible for Editor in 0.18 ms, found 0 plugins.
Preloading 0 native plugins for Editor in 0.00 ms.
Mono: successfully reloaded assembly
- Completed reload, in  0.607 seconds
Platform modules already initialized, skipping
Refreshing native plugins compatible for Editor in 0.19 ms, found 0 plugins.
Preloading 0 native plugins for Editor in 0.00 ms.
Unloading 1115 Unused Serialized files (Serialized files now loaded: 0)
System memory in use before: 61.1 MB.
System memory in use after: 61.2 MB.

Unloading 5 unused Assets to reduce memory usage. Loaded Objects now: 1702.
Total: 1.241600 ms (FindLiveObjects: 0.098000 ms CreateObjectMapping: 0.027200 ms MarkObjects: 1.079100 ms  DeleteObjects: 0.036800 ms)

========================================================================
Received Import Request.
  Time since last request: 252.413510 seconds.
  path: Assets/Audio/SFX/242721__sergeeo__burning-air2.mp3
  artifactKey: Guid(f3bae0f55346451429c053c325686349) Importer(815301076,1909f56bfc062723c751e8b465ee728b)
Start importing Assets/Audio/SFX/242721__sergeeo__burning-air2.mp3 using Guid(f3bae0f55346451429c053c325686349) Importer(815301076,1909f56bfc062723c751e8b465ee728b)  -> (artifact id: '89125d3ef8d3298d12d335c779a2909c') in 0.045826 seconds
  Import took 0.052987 seconds .

========================================================================
Received Import Request.
  Time since last request: 0.000135 seconds.
  path: Assets/Audio/SFX/242721__sergeeo__burning-air3.mp3
  artifactKey: Guid(4adbf16fde037e445ad2cee890b4b5f6) Importer(815301076,1909f56bfc062723c751e8b465ee728b)
Start importing Assets/Audio/SFX/242721__sergeeo__burning-air3.mp3 using Guid(4adbf16fde037e445ad2cee890b4b5f6) Importer(815301076,1909f56bfc062723c751e8b465ee728b)  -> (artifact id: '0d0906a257dc82e77ff98e1cac87c4c1') in 0.013860 seconds
  Import took 0.015323 seconds .

========================================================================
Received Prepare
Registering precompiled user dll's ...
Registered in 0.000537 seconds.
Begin MonoManager ReloadAssembly
Native extension for WindowsStandalone target not found
Native extension for WebGL target not found
Refreshing native plugins compatible for Editor in 0.18 ms, found 0 plugins.
Preloading 0 native plugins for Editor in 0.00 ms.
Mono: successfully reloaded assembly
- Completed reload, in  0.602 seconds
Platform modules already initialized, skipping
Refreshing native plugins compatible for Editor in 0.17 ms, found 0 plugins.
Preloading 0 native plugins for Editor in 0.00 ms.
Unloading 1115 Unused Serialized files (Serialized files now loaded: 0)
System memory in use before: 61.1 MB.
System memory in use after: 61.2 MB.

Unloading 5 unused Assets to reduce memory usage. Loaded Objects now: 1706.
Total: 1.215800 ms (FindLiveObjects: 0.101800 ms CreateObjectMapping: 0.027500 ms MarkObjects: 1.051200 ms  DeleteObjects: 0.034700 ms)

========================================================================
Received Prepare
Registering precompiled user dll's ...
Registered in 0.000537 seconds.
Begin MonoManager ReloadAssembly
Native extension for WindowsStandalone target not found
Native extension for WebGL target not found
Refreshing native plugins compatible for Editor in 0.18 ms, found 0 plugins.
Preloading 0 native plugins for Editor in 0.00 ms.
Mono: successfully reloaded assembly
- Completed reload, in  0.606 seconds
Platform modules already initialized, skipping
Refreshing native plugins compatible for Editor in 0.17 ms, found 0 plugins.
Preloading 0 native plugins for Editor in 0.00 ms.
Unloading 1115 Unused Serialized files (Serialized files now loaded: 0)
System memory in use before: 61.1 MB.
System memory in use after: 61.2 MB.

Unloading 5 unused Assets to reduce memory usage. Loaded Objects now: 1709.
Total: 1.176700 ms (FindLiveObjects: 0.099600 ms CreateObjectMapping: 0.027500 ms MarkObjects: 1.015000 ms  DeleteObjects: 0.033900 ms)

========================================================================
Received Prepare
Registering precompiled user dll's ...
Registered in 0.000545 seconds.
Begin MonoManager ReloadAssembly
Native extension for WindowsStandalone target not found
Native extension for WebGL target not found
Refreshing native plugins compatible for Editor in 0.18 ms, found 0 plugins.
Preloading 0 native plugins for Editor in 0.00 ms.
Mono: successfully reloaded assembly
- Completed reload, in  0.599 seconds
Platform modules already initialized, skipping
Refreshing native plugins compatible for Editor in 0.17 ms, found 0 plugins.
Preloading 0 native plugins for Editor in 0.00 ms.
Unloading 1115 Unused Serialized files (Serialized files now loaded: 0)
System memory in use before: 61.1 MB.
System memory in use after: 61.1 MB.

Unloading 5 unused Assets to reduce memory usage. Loaded Objects now: 1712.
Total: 1.173500 ms (FindLiveObjects: 0.096400 ms CreateObjectMapping: 0.027500 ms MarkObjects: 1.013400 ms  DeleteObjects: 0.035600 ms)

AssetImportWorkerClient::OnTransportError - code=2 error=End of file
